/proc/ax_proc # [ 7610.616518] Unable to handle kernel paging request at virtual address feff80000897c408
[ 7610.624502] Mem abort info:
[ 7610.627303]   ESR = 0x86000004
[ 7610.630365]   EC = 0x21: IABT (current EL), IL = 32 bits
[ 7610.635690]   SET = 0, FnV = 0
[ 7610.638752]   EA = 0, S1PTW = 0
[ 7610.641899]   FSC = 0x04: level 0 translation fault
[ 7610.646789] [feff80000897c408] address between user and kernel address ranges
[ 7610.653942] Internal error: Oops: 86000004 [#1] PREEMPT SMP
[ 7610.659528] Modules linked in: ax_pcie_p2p_ep(O) axcl_slave(O) ax_pcie_mmb(O) ax_pcie_dma_slave(O) ax_pcie_msg(O) ax_pcie_slave_dev(O) ax_ive(O) ax_jdec(O) ax_jenc(O) ax_venc(O) ax_npu(O) ax_vdec(O) ax_vpp(O) ax_gdc(O) ax_vgp(O) ax_tdp(O) ax_ivps(O) ax_base(O) ax_pool(O) ax_sys(O) ax_cmm(O) ax_vdsp ax_mailbox
[ 7610.687029] CPU: 6 PID: 17134 Comm: AxVdDewt17 Tainted: G           O      5.15.73 #1
[ 7610.694881] Hardware name: axera,ax650x (DT)
[ 7610.699161] pstate: 600000c5 (nZCv daIF -PAN -UAO -TCO -DIT -SSBS BTYPE=--)
[ 7610.706142] pc : 0xfeff80000897c408  :  feff80000897c408
[ 7610.711470] lr : 0xfeff80000897c408  :  feff80000897c408
[ 7610.716795] sp : ffff80000eeeb840
[ 7610.720115] x29: ffff80000eeeb840 x28: ffff00000b27a700 x27: 0000000000000000
[ 7610.727275] x26: ffff00000b27ac48 x25: ffff800008cb8980 x24: 0080000000000000
[ 7610.734433] x23: ffff800009358000 x22: ffff80000897c8e0 x21: ffff00000b27a700
[ 7610.741592] x20: ffff0000019e8d00 x19: ffff00002fc6cc40 x18: 0000000000000000
[ 7610.748750] x17: 0000000000000000 x16: 0000000000000000 x15: 0000000000000000
[ 7610.755908] x14: 00000c30aa92f5a2 x13: 00000000000001bc x12: 0000000000000000
[ 7610.763066] x11: 0000000000000000 x10: 0000000000000930 x9 : ffff80000eeeb820
[ 7610.770224] x8 : ffff00000b27b090 x7 : ffff00002fc6d640 x6 : ffff00002fc6cc40
[ 7610.777383] x5 : 000000000000b83a x4 : 0000000000000000 x3 : 0000000000000006
[ 7610.784540] x2 : 0000000000000001 x1 : ffff00000b27a700 x0 : ffff0000019e8d00
[ 7610.791699] Call trace:
[ 7610.794151]  0xfeff80000897c408
[ 7610.797300]  schedule+0x80/0xf0
[ 7610.800457]  wait_cmdbuf_ready+0x1c8/0x34c [ax_vdec]
[ 7610.805455]  hantrovcmd_ioctl+0x848/0x119c [ax_vdec]
[ 7610.810447]  hantrodec_ioctl+0x2f00/0x2fe0 [ax_vdec]
[ 7610.815438]  __arm64_sys_ioctl+0x18c/0xe20
[ 7610.819551]  invoke_syscall.constprop.0+0x48/0xd0
[ 7610.824272]  do_el0_svc+0x4c/0x128
[ 7610.827684]  el0_svc+0x14/0x48
[ 7610.830749]  el0t_64_sync_handler+0xa8/0xb0
[ 7610.834945]  el0t_64_sync+0x158/0x15c
[ 7610.838623] Code: bad PC value
[ 7610.841690] ---[ end trace 59a2ecd6b89bcc06 ]---
[ 7610.852516] Kernel panic - not syncing: Oops: Fatal exception
[ 7610.858284] kernel panic time: 2025-07-29 13:07:04
[ 7610.963100] SMP: stopping secondary CPUs
